  Process "erpcgen_parser.y" bison file
  Process "erpcgen_lexer.l" flex file
  stdafx.cpp
  erpc_crc16.cpp
  format_string.cpp
  HexValues.cpp
  JavaGenerator.cpp
  DotnetGenerator.cpp
  Logging.cpp
  options.cpp
  SearchPath.cpp
  cpptempl.cpp
  AstNode.cpp
  AstWalker.cpp
  CGenerator.cpp
  erpcgen.cpp
  ErpcLexer.cpp
  Generator.cpp
  InterfaceDefinition.cpp
  ParseErrors.cpp
  PythonGenerator.cpp
  SymbolScanner.cpp
  Token.cpp
  正在生成代码...
  正在编译...
  Type.cpp
  UniqueIdChecker.cpp
  Utils.cpp
  cpp_coders.cpp
  c_common_header.cpp
  c_crc.cpp
  cpp_interface_header.cpp
  cpp_interface_source.cpp
  cpp_client_header.cpp
  cpp_client_source.cpp
  cpp_server_header.cpp
  cpp_server_source.cpp
  c_client_header.cpp
  c_client_source.cpp
  c_server_header.cpp
  c_server_source.cpp
  cpp_common_functions.cpp
  erpcgen_parser.tab.cpp
  java_client.cpp
  java_coders.cpp
  正在生成代码...
  正在编译...
  java_const.cpp
  java_enum.cpp
  java_interface.cpp
  java_server.cpp
  java_struct.cpp
  dotnet_client.cpp
  dotnet_coders.cpp
  dotnet_const.cpp
  dotnet_enum.cpp
  dotnet_interface.cpp
  dotnet_server.cpp
  dotnet_struct.cpp
  py_client.cpp
  py_coders.cpp
  py_common.cpp
  py_global_init.cpp
  py_init.cpp
  py_interface.cpp
  py_server.cpp
  正在生成代码...
  erpcgen_lexer.flex.cpp
  erpcgen.vcxproj -> D:\erpc\erpc_net\erpcgen\VisualStudio_v14\Debug\erpcgen.exe
